# JRE version: Java(TM) SE Runtime Environment (21.0.1+12) (build 21.0.1+12-LTS-29)
# Java VM: Java HotSpot(TM) 64-Bit Server VM (21.0.1+12-LTS-29, mixed mode, emulated-client, sharing, tiered, compressed oops, compressed class ptrs, g1 gc, windows-amd64)
GC Precious Log:
 CardTable entry size: 512
 Card Set container configuration: InlinePtr #cards 4 size 8 Array Of Cards #cards 32 size 80 Howl #buckets 8 coarsen threshold 7372 Howl Bitmap #cards 1024 size 144 coarsen threshold 921 Card regions per heap region 1 cards per card region 8192
 CPUs: 4 total, 4 available
 Memory: 32666M
 Large Page Support: Disabled
 NUMA Support: Disabled
 Compressed Oops: Enabled (Zero based)
 Heap Region Size: 4M
 Heap Min Capacity: 8M
 Heap Initial Capacity: 512M
 Heap Max Capacity: 8168M
 Pre-touch: Disabled
 Parallel Workers: 4
 Concurrent Workers: 1
 Concurrent Refinement Workers: 4
 Periodic GC: Disabled
Heap:
 garbage-first heap   total 180224K, used 92517K [0x0000000601800000, 0x0000000800000000)
  region size 4096K, 14 young (57344K), 2 survivors (8192K)
 Metaspace       used 84617K, committed 85504K, reserved 1179648K
  class space    used 11797K, committed 12160K, reserved 1048576K
GC Heap History (20 events):
Event: 16470.208 GC heap after
{Heap after GC invocations=40 (full 2):
 garbage-first heap   total 110592K, used 27245K [0x0000000601800000, 0x0000000800000000)
  region size 4096K, 0 young (0K), 0 survivors (0K)
 Metaspace       used 83417K, committed 84288K, reserved 1179648K
  class space    used 11619K, committed 11968K, reserved 1048576K
}
Event: 16471.507 GC heap before
{Heap before GC invocations=40 (full 2):
 garbage-first heap   total 110592K, used 92781K [0x0000000601800000, 0x0000000800000000)
  region size 4096K, 16 young (65536K), 0 survivors (0K)
 Metaspace       used 83670K, committed 84416K, reserved 1179648K
  class space    used 11676K, committed 11968K, reserved 1048576K
}
Event: 16471.516 GC heap after
{Heap after GC invocations=41 (full 2):
 garbage-first heap   total 110592K, used 33866K [0x0000000601800000, 0x0000000800000000)
  region size 4096K, 2 young (8192K), 2 survivors (8192K)
 Metaspace       used 83670K, committed 84416K, reserved 1179648K
  class space    used 11676K, committed 11968K, reserved 1048576K
}
Event: 16472.165 GC heap before
{Heap before GC invocations=42 (full 2):
 garbage-first heap   total 110592K, used 87114K [0x0000000601800000, 0x0000000800000000)
  region size 4096K, 15 young (61440K), 2 survivors (8192K)
 Metaspace       used 83952K, committed 84736K, reserved 1179648K
  class space    used 11711K, committed 12032K, reserved 1048576K
}
Event: 16472.176 GC heap after
{Heap after GC invocations=43 (full 2):
 garbage-first heap   total 110592K, used 41732K [0x0000000601800000, 0x0000000800000000)
  region size 4096K, 2 young (8192K), 2 survivors (8192K)
 Metaspace       used 83952K, committed 84736K, reserved 1179648K
  class space    used 11711K, committed 12032K, reserved 1048576K
}
Event: 16472.274 GC heap before
{Heap before GC invocations=43 (full 2):
 garbage-first heap   total 110592K, used 86788K [0x0000000601800000, 0x0000000800000000)
  region size 4096K, 13 young (53248K), 2 survivors (8192K)
 Metaspace       used 83952K, committed 84736K, reserved 1179648K
  class space    used 11711K, committed 12032K, reserved 1048576K
}
Event: 16472.281 GC heap after
{Heap after GC invocations=44 (full 2):
 garbage-first heap   total 110592K, used 43732K [0x0000000601800000, 0x0000000800000000)
  region size 4096K, 2 young (8192K), 2 survivors (8192K)
 Metaspace       used 83952K, committed 84736K, reserved 1179648K
  class space    used 11711K, committed 12032K, reserved 1048576K
}
Event: 16472.363 GC heap before
{Heap before GC invocations=44 (full 2):
 garbage-first heap   total 110592K, used 84692K [0x0000000601800000, 0x0000000800000000)
  region size 4096K, 13 young (53248K), 2 survivors (8192K)
 Metaspace       used 83952K, committed 84736K, reserved 1179648K
  class space    used 11711K, committed 12032K, reserved 1048576K
}
Event: 16472.366 GC heap after
{Heap after GC invocations=45 (full 2):
 garbage-first heap   total 110592K, used 44762K [0x0000000601800000, 0x0000000800000000)
  region size 4096K, 2 young (8192K), 2 survivors (8192K)
 Metaspace       used 83952K, committed 84736K, reserved 1179648K
  class space    used 11711K, committed 12032K, reserved 1048576K
}
Event: 16472.502 GC heap before
{Heap before GC invocations=45 (full 2):
 garbage-first heap   total 143360K, used 89818K [0x0000000601800000, 0x0000000800000000)
  region size 4096K, 13 young (53248K), 2 survivors (8192K)
 Metaspace       used 83952K, committed 84736K, reserved 1179648K
  class space    used 11711K, committed 12032K, reserved 1048576K
}
Event: 16472.508 GC heap after
{Heap after GC invocations=46 (full 2):
 garbage-first heap   total 143360K, used 45143K [0x0000000601800000, 0x0000000800000000)
  region size 4096K, 2 young (8192K), 2 survivors (8192K)
 Metaspace       used 83952K, committed 84736K, reserved 1179648K
  class space    used 11711K, committed 12032K, reserved 1048576K
}
Event: 16477.939 GC heap before
{Heap before GC invocations=47 (full 2):
 garbage-first heap   total 143360K, used 77911K [0x0000000601800000, 0x0000000800000000)
  region size 4096K, 11 young (45056K), 2 survivors (8192K)
 Metaspace       used 84130K, committed 85056K, reserved 1179648K
  class space    used 11750K, committed 12160K, reserved 1048576K
}
Event: 16478.019 GC heap after
{Heap after GC invocations=48 (full 3):
 garbage-first heap   total 122880K, used 31545K [0x0000000601800000, 0x0000000800000000)
  region size 4096K, 0 young (0K), 0 survivors (0K)
 Metaspace       used 83997K, committed 85056K, reserved 1179648K
  class space    used 11720K, committed 12160K, reserved 1048576K
}
Event: 16479.334 GC heap before
{Heap before GC invocations=48 (full 3):
 garbage-first heap   total 122880K, used 92985K [0x0000000601800000, 0x0000000800000000)
  region size 4096K, 16 young (65536K), 0 survivors (0K)
 Metaspace       used 84175K, committed 85056K, reserved 1179648K
  class space    used 11747K, committed 12160K, reserved 1048576K
}
Event: 16479.343 GC heap after
{Heap after GC invocations=49 (full 3):
 garbage-first heap   total 323584K, used 36818K [0x0000000601800000, 0x0000000800000000)
  region size 4096K, 2 young (8192K), 2 survivors (8192K)
 Metaspace       used 84175K, committed 85056K, reserved 1179648K
  class space    used 11747K, committed 12160K, reserved 1048576K
}
Event: 16479.839 GC heap before
{Heap before GC invocations=50 (full 3):
 garbage-first heap   total 180224K, used 131026K [0x0000000601800000, 0x0000000800000000)
  region size 4096K, 26 young (106496K), 2 survivors (8192K)
 Metaspace       used 84324K, committed 85248K, reserved 1179648K
  class space    used 11755K, committed 12160K, reserved 1048576K
}
Event: 16479.848 GC heap after
{Heap after GC invocations=51 (full 3):
 garbage-first heap   total 180224K, used 45850K [0x0000000601800000, 0x0000000800000000)
  region size 4096K, 4 young (16384K), 4 survivors (16384K)
 Metaspace       used 84324K, committed 85248K, reserved 1179648K
  class space    used 11755K, committed 12160K, reserved 1048576K
}
Event: 16479.999 GC heap before
{Heap before GC invocations=51 (full 3):
 garbage-first heap   total 180224K, used 131866K [0x0000000601800000, 0x0000000800000000)
  region size 4096K, 26 young (106496K), 4 survivors (16384K)
 Metaspace       used 84324K, committed 85248K, reserved 1179648K
  class space    used 11755K, committed 12160K, reserved 1048576K
}
Event: 16480.009 GC heap after
{Heap after GC invocations=52 (full 3):
 garbage-first heap   total 180224K, used 46011K [0x0000000601800000, 0x0000000800000000)
  region size 4096K, 2 young (8192K), 2 survivors (8192K)
 Metaspace       used 84324K, committed 85248K, reserved 1179648K
  class space    used 11755K, committed 12160K, reserved 1048576K
}
Event: 16742.654 GC heap before
{Heap before GC invocations=52 (full 3):
 garbage-first heap   total 180224K, used 86971K [0x0000000601800000, 0x0000000800000000)
  region size 4096K, 14 young (57344K), 2 survivors (8192K)
 Metaspace       used 84617K, committed 85504K, reserved 1179648K
  class space    used 11797K, committed 12160K, reserved 1048576K
}

